Connecting to database specified by database.yml
Started POST "/plots" for 127.0.0.1 at 2014-01-15 11:29:21 +0100
Processing by PlotsController#create as HTML
  Parameters: {"utf8"=>"✓", "authenticity_token"=>"TYGs7fdIFuN44jCRG+3BWt9lczo/7RQnItcEz3v6srQ=", "plot"=>{"expName"=>"test", "explVariable"=>"1", "respVariable"=>"1", "calibFile"=>#<ActionDispatch::Http::UploadedFile:0x00000002c11950 @original_filename="multi2_for_s2c.txt", @content_type="text/plain", @headers="Content-Disposition: form-data; name=\"plot[calibFile]\"; filename=\"multi2_for_s2c.txt\"\r\nContent-Type: text/plain\r\n", @tempfile=#<File:/tmp/RackMultipart20140115-5535-1b0174g>>}, "commit"=>"Create"}
  Rendered plots/create.erb within layouts/plots (170.4ms)
Completed 200 OK in 1803ms (Views: 226.2ms | ActiveRecord: 52.9ms)
Started GET "/" for 127.0.0.1 at 2014-01-15 11:46:58 +0100

ActionController::RoutingError (No route matches [GET] "/"):
  actionpack (3.2.13) lib/action_dispatch/middleware/debug_exceptions.rb:21:in `call'
  actionpack (3.2.13) lib/action_dispatch/middleware/show_exceptions.rb:56:in `call'
  railties (3.2.13) lib/rails/rack/logger.rb:32:in `call_app'
  railties (3.2.13) lib/rails/rack/logger.rb:16:in `block in call'
  activesupport (3.2.13) lib/active_support/tagged_logging.rb:22:in `tagged'
  railties (3.2.13) lib/rails/rack/logger.rb:16:in `call'
  actionpack (3.2.13) lib/action_dispatch/middleware/request_id.rb:22:in `call'
  rack (1.4.5) lib/rack/methodoverride.rb:21:in `call'
  rack (1.4.5) lib/rack/runtime.rb:17:in `call'
  activesupport (3.2.13) lib/active_support/cache/strategy/local_cache.rb:72:in `call'
  rack (1.4.5) lib/rack/lock.rb:15:in `call'
  actionpack (3.2.13) lib/action_dispatch/middleware/static.rb:63:in `call'
  rack-cache (1.2) lib/rack/cache/context.rb:136:in `forward'
  rack-cache (1.2) lib/rack/cache/context.rb:245:in `fetch'
  rack-cache (1.2) lib/rack/cache/context.rb:185:in `lookup'
  rack-cache (1.2) lib/rack/cache/context.rb:66:in `call!'
  rack-cache (1.2) lib/rack/cache/context.rb:51:in `call'
  railties (3.2.13) lib/rails/engine.rb:479:in `call'
  railties (3.2.13) lib/rails/application.rb:223:in `call'
  rack (1.4.5) lib/rack/content_length.rb:14:in `call'
  railties (3.2.13) lib/rails/rack/log_tailer.rb:17:in `call'
  rack (1.4.5) lib/rack/handler/webrick.rb:59:in `service'
  /usr/local/rvm/rubies/ruby-1.9.3-p429/lib/ruby/1.9.1/webrick/httpserver.rb:138:in `service'
  /usr/local/rvm/rubies/ruby-1.9.3-p429/lib/ruby/1.9.1/webrick/httpserver.rb:94:in `run'
  /usr/local/rvm/rubies/ruby-1.9.3-p429/lib/ruby/1.9.1/webrick/server.rb:191:in `block in start_thread'


Started GET "/plots/new" for 127.0.0.1 at 2014-01-15 11:47:07 +0100
Processing by PlotsController#new as HTML
  Rendered plots/new.html.erb within layouts/plots (8.4ms)
Completed 200 OK in 13ms (Views: 11.5ms | ActiveRecord: 0.0ms)
